{"name": "test_valid_user_login", "status": "failed", "statusDetails": {"message": "AssertionError: Locator expected to be visible\nActual value: None\nError: element(s) not found \nCall log:\n  - Expect \"to_be_visible\" with timeout 3000ms\n  - waiting for locator(\"h2:has-text(\\\"My Account\\\")\")", "trace": "page = <Page url='https://tutorialsninja.com/demo/index.php?route=account/login'>\n\n    @pytest.mark.sanity\n    @pytest.mark.regression\n    def test_valid_user_login(page):\n        \"\"\"\n        Automated Test Case: Verify that login succeeds for valid user credentials.\n        \"\"\"\n    \n        # --- Page Object Initialization ---\n        home_page = HomePage(page)\n        login_page = LoginPage(page)\n        my_account_page = MyAccountPage(page)\n    \n        # --- Step 1: Navigate to Login Page ---\n        home_page.click_my_account()\n        home_page.click_login()\n    \n        # --- Step 2: Enter Valid Credentials ---\n        login_page.set_email(Config.email)\n        login_page.set_password(Config.password)\n        login_page.click_login()\n    \n        # Wait for the page to load completely after login\n        time.sleep(3)\n    \n        # --- Step 3: Verify Successful Login ---\n        # Expect the \"My Account\" page heading to be visible\n>       expect(my_account_page.get_my_account_page_heading()).to_be_visible(timeout=3000)\nE       AssertionError: Locator expected to be visible\nE       Actual value: None\nE       Error: element(s) not found \nE       Call log:\nE         - Expect \"to_be_visible\" with timeout 3000ms\nE         - waiting for locator(\"h2:has-text(\\\"My Account\\\")\")\n\ntest_login.py:96: AssertionError"}, "description": "\nAutomated Test Case: Verify that login succeeds for valid user credentials.\n", "attachments": [{"name": "stdout", "source": "a763aa9b-69e8-4b19-83ee-6137d5b75c14-attachment.txt", "type": "text/plain"}], "start": 1770818685926, "stop": 1770818694117, "uuid": "9341d194-523d-420f-b5c8-5e60788ea93f", "historyId": "bc0571d77419ce711f50b52b2cc44204", "testCaseId": "bc0571d77419ce711f50b52b2cc44204", "fullName": "tests.test_login#test_valid_user_login", "labels": [{"name": "tag", "value": "regression"}, {"name": "tag", "value": "sanity"}, {"name": "parentSuite", "value": "tests"}, {"name": "suite", "value": "test_login"}, {"name": "host", "value": "DESKTOP-CDE6BL0"}, {"name": "thread", "value": "7836-MainThread"}, {"name": "framework", "value": "pytest"}, {"name": "language", "value": "cpython3"}, {"name": "package", "value": "tests.test_login"}], "titlePath": ["tests", "test_login.py"]}